<?xml version="1.0" encoding="UTF-8"?>
<!-- Generated by org.testng.reporters.JUnitXMLReporter -->
<testsuite hostname="LM-SJC-00870810" name="chrome" tests="1" failures="0" timestamp="28 Jul 2017 06:26:17 GMT" time="0.095" errors="0">
  <testcase name="@BeforeClass parllel" time="0.0" classname="com.apex.ecommerce.core.BrowserFactory">
    <failure type="java.lang.NullPointerException">
      <![CDATA[java.lang.NullPointerException
	at com.apex.ecommerce.core.BrowserFactory.parllel(BrowserFactory.java:26)
... Removed 24 stack frames]]>
    </failure>
  </testcase> <!-- @BeforeClass parllel -->
  <testcase name="@AfterClass teardown" time="0.0" classname="com.apex.ecommerce.core.BrowserFactory">
    <skipped/>
  </testcase> <!-- @AfterClass teardown -->
  <testcase name="login" time="0.036" classname="com.apex.ecommerce.core.BrowserFactory">
    <skipped/>
  </testcase> <!-- login -->
</testsuite> <!-- chrome -->
