<?xml version="1.0" encoding="UTF-8"?>
<!-- Generated by org.testng.reporters.JUnitXMLReporter -->
<testsuite hostname="LM-SJC-00870810" name="Command line test" tests="2" failures="1" timestamp="27 Dec 2017 08:25:53 GMT" time="1.711" errors="0">
  <testcase name="TestPost" time="1.279" classname="com.apex.service.customer.CustomerserviceTest">
    <failure type="java.lang.AssertionError" message="expected:&amp;lt;Created&amp;gt; but was:&amp;lt;OK&amp;gt;">
      <![CDATA[java.lang.AssertionError: expected:<Created> but was:<OK>
	at com.apex.service.customer.CustomerserviceTest.TestPost(CustomerserviceTest.java:75)
... Removed 35 stack frames]]>
    </failure>
  </testcase> <!-- TestPost -->
  <testcase name="TestwithexistingUsrer" time="0.416" classname="com.apex.service.customer.CustomerserviceTest"/>
</testsuite> <!-- Command line test -->
